<?xml version="1.0" encoding="UTF-8"?>
<!-- Generated by org.testng.reporters.JUnitReportReporter -->
<testsuite hostname="TRAININGPC" name="edu.wbqa.tg.TestExample" tests="1" failures="0" timestamp="7 Nov 2014 03:21:57 GMT" time="3.620" errors="0">
  <testcase name="testContact" time="3.620" classname="edu.wbqa.tg.TestExample"/>
</testsuite> <!-- edu.wbqa.tg.TestExample -->
