<?xml version="1.0" encoding="UTF-8"?>
<!-- Generated by org.testng.reporters.JUnitReportReporter -->
<testsuite hostname="TRAININGPC" name="edu.wbqa.ut2.LargestTest" tests="3" failures="0" timestamp="15 Jul 2014 03:07:58 GMT" time="0.007" errors="0">
  <testcase name="testSomething" time="0.000" classname="edu.wbqa.ut2.LargestTest"/>
  <testcase name="testSomething" time="0.006" classname="edu.wbqa.ut2.LargestTest"/>
  <testcase name="testSomething" time="0.001" classname="edu.wbqa.ut2.LargestTest"/>
</testsuite> <!-- edu.wbqa.ut2.LargestTest -->
